<?xml version="1.0" encoding="UTF-8"?>
<testsuite name="rest.CustomTaskSchedulerTest" tests="0" skipped="0" failures="0" errors="0" timestamp="1970-01-01T00:00:00Z" hostname="DESKTOP" time="0.0">
  <properties/>
  <system-out><![CDATA[18:54:55.703 [Test worker] INFO org.springframework.test.context.support.AnnotationConfigContextLoaderUtils -- Could not detect default configuration classes for test class [rest.CustomTaskSchedulerTest]: CustomTaskSchedulerTest does not declare any static, non-private, non-final, nested classes annotated with @Configuration.
18:54:55.915 [Test worker] INFO org.springframework.boot.test.context.SpringBootTestContextBootstrapper -- Found @SpringBootConfiguration rest.RestApplication for test class rest.CustomTaskSchedulerTest
18:54:56.190 [Test worker] INFO org.springframework.boot.devtools.restart.RestartApplicationListener -- Restart disabled due to context in which it is running

  .   ____          _            __ _ _
 /\\ / ___'_ __ _ _(_)_ __  __ _ \ \ \ \
( ( )\___ | '_ | '_| | '_ \/ _` | \ \ \ \
 \\/  ___)| |_)| | | | | || (_| |  ) ) ) )
  '  |____| .__|_| |_|_| |_\__, | / / / /
 =========|_|==============|___/=/_/_/_/

 :: Spring Boot ::                (v3.5.6)

2025-10-21T18:54:56.683-04:00  INFO 1900 --- [rest] [    Test worker] rest.CustomTaskSchedulerTest             : Starting CustomTaskSchedulerTest using Java 25 with PID 1900 (started by Martin Stoyanov in C:\Users\Martin Stoyanov\IdeaProjects\playbook\spring\rest)
2025-10-21T18:54:56.693-04:00  INFO 1900 --- [rest] [    Test worker] rest.CustomTaskSchedulerTest             : No active profile set, falling back to 1 default profile: "default"
]]></system-out>
  <system-err><![CDATA[Mockito is currently self-attaching to enable the inline-mock-maker. This will no longer work in future releases of the JDK. Please add Mockito as an agent to your build as described in Mockito's documentation: https://javadoc.io/doc/org.mockito/mockito-core/latest/org.mockito/org/mockito/Mockito.html#0.3
WARNING: A Java agent has been loaded dynamically (C:\Users\Martin Stoyanov\.gradle\caches\modules-2\files-2.1\net.bytebuddy\byte-buddy-agent\1.17.7\fbf3d6d649ed37fc9e9c59480a05be0a26e3c2da\byte-buddy-agent-1.17.7.jar)
WARNING: If a serviceability tool is in use, please run with -XX:+EnableDynamicAgentLoading to hide this warning
WARNING: If a serviceability tool is not in use, please run with -Djdk.instrument.traceUsage for more information
WARNING: Dynamic loading of agents will be disallowed by default in a future release
]]></system-err>
</testsuite>
